This is pdfTeX, Version 3.141592653-2.6-1.40.26 (MiKTeX 24.4) (preloaded format=pdflatex 2024.11.5)  28 JAN 2026 11:12
entering extended mode
 restricted \write18 enabled.
 %&-line parsing enabled.
**./refman.tex
(refman.tex
LaTeX2e <2024-11-01>
L3 programming layer <2024-10-09>
(C:\Users\jerem\AppData\Local\Programs\MiKTeX\tex/generic/iftex\iftex.sty
Package: iftex 2022/02/03 v1.0f TeX engine tests
)
(C:\Users\jerem\AppData\Local\Programs\MiKTeX\tex/latex/base\book.cls
Document Class: book 2024/06/29 v1.4n Standard LaTeX document class
(C:\Users\jerem\AppData\Local\Programs\MiKTeX\tex/latex/base\bk10.clo
File: bk10.clo 2024/06/29 v1.4n Standard LaTeX file (size option)
)
\c@part=\count196
\c@chapter=\count197
\c@section=\count198
\c@subsection=\count199
\c@subsubsection=\count266
\c@paragraph=\count267
\c@subparagraph=\count268
\c@figure=\count269
\c@table=\count270
\abovecaptionskip=\skip49
\belowcaptionskip=\skip50
\bibindent=\dimen141
)
(C:\Users\jerem\AppData\Local\Programs\MiKTeX\tex/generic/infwarerr\infwarerr.s
ty
package info suppressed
) (doxygen.sty
Package: doxygen 

(C:\Users\jerem\AppData\Local\Programs\MiKTeX\tex/latex/base\alltt.sty
Package: alltt 2024/07/07 v2.0g defines alltt environment
)
(C:\Users\jerem\AppData\Local\Programs\MiKTeX\tex/latex/tools\array.sty
Package: array 2024/10/17 v2.6g Tabular extension package (FMi)
\col@sep=\dimen142
\ar@mcellbox=\box52
\extrarowheight=\dimen143
\NC@list=\toks17
\extratabsurround=\skip51
\backup@length=\skip52
\ar@cellbox=\box53
)
(C:\Users\jerem\AppData\Local\Programs\MiKTeX\tex/latex/tools\calc.sty
Package: calc 2023/07/08 v4.3 Infix arithmetic (KKT,FJ)
\calc@Acount=\count271
\calc@Bcount=\count272
\calc@Adimen=\dimen144
\calc@Bdimen=\dimen145
\calc@Askip=\skip53
\calc@Bskip=\skip54
LaTeX Info: Redefining \setlength on input line 80.
LaTeX Info: Redefining \addtolength on input line 81.
\calc@Ccount=\count273
\calc@Cskip=\skip55
)
(C:\Users\jerem\AppData\Local\Programs\MiKTeX\tex/latex/float\float.sty
Package: float 2001/11/08 v1.3d Float enhancements (AL)
\c@float@type=\count274
\float@exts=\toks18
\float@box=\box54
\@float@everytoks=\toks19
\@floatcapt=\box55
)
(C:\Users\jerem\AppData\Local\Programs\MiKTeX\tex/latex/base\ifthen.sty
Package: ifthen 2024/03/16 v1.1e Standard LaTeX ifthen package (DPC)
)
(C:\Users\jerem\AppData\Local\Programs\MiKTeX\tex/latex/tools\verbatim.sty
Package: verbatim 2024-01-22 v1.5x LaTeX2e package for verbatim enhancements
\every@verbatim=\toks20
\verbatim@line=\toks21
\verbatim@in@stream=\read2
)
(C:\Users\jerem\AppData\Local\Programs\MiKTeX\tex/latex/varwidth\varwidth.sty
Package: varwidth 2009/03/30 ver 0.92;  Variable-width minipages
\@vwid@box=\box56
\sift@deathcycles=\count275
\@vwid@loff=\dimen146
\@vwid@roff=\dimen147
)
(C:\Users\jerem\AppData\Local\Programs\MiKTeX\tex/latex/xcolor\xcolor.sty
Package: xcolor 2024/09/29 v3.02 LaTeX color extensions (UK)

(C:\Users\jerem\AppData\Local\Programs\MiKTeX\tex/latex/graphics-cfg\color.cfg
File: color.cfg 2016/01/02 v1.6 sample color configuration
)
Package xcolor Info: Driver file: pdftex.def on input line 274.

(C:\Users\jerem\AppData\Local\Programs\MiKTeX\tex/latex/graphics-def\pdftex.def
File: pdftex.def 2024/04/13 v1.2c Graphics/color driver for pdftex
)
(C:\Users\jerem\AppData\Local\Programs\MiKTeX\tex/latex/graphics\mathcolor.ltx)
Package xcolor Info: Model `cmy' substituted by `cmy0' on input line 1349.
Package xcolor Info: Model `hsb' substituted by `rgb' on input line 1353.
Package xcolor Info: Model `RGB' extended on input line 1365.
Package xcolor Info: Model `HTML' substituted by `rgb' on input line 1367.
Package xcolor Info: Model `Hsb' substituted by `hsb' on input line 1368.
Package xcolor Info: Model `tHsb' substituted by `hsb' on input line 1369.
Package xcolor Info: Model `HSB' substituted by `hsb' on input line 1370.
Package xcolor Info: Model `Gray' substituted by `gray' on input line 1371.
Package xcolor Info: Model `wave' substituted by `hsb' on input line 1372.
) (C:\Users\jerem\AppData\Local\Programs\MiKTeX\tex/latex/colortbl\colortbl.sty
Package: colortbl 2024/07/06 v1.0i Color table columns (DPC)
\everycr=\toks22
\minrowclearance=\skip56
\rownum=\count276
) (C:\Users\jerem\AppData\Local\Programs\MiKTeX\tex/latex/tools\longtable.sty
Package: longtable 2024-10-27 v4.22 Multi-page Table package (DPC)
\LTleft=\skip57
\LTright=\skip58
\LTpre=\skip59
\LTpost=\skip60
\LTchunksize=\count277
\LTcapwidth=\dimen148
\LT@head=\box57
\LT@firsthead=\box58
\LT@foot=\box59
\LT@lastfoot=\box60
\LT@gbox=\box61
\LT@cols=\count278
\LT@rows=\count279
\c@LT@tables=\count280
\c@LT@chunks=\count281
\LT@p@ftn=\toks23
)
(C:\Users\jerem\AppData\Local\Programs\MiKTeX\tex/latex/xltabular\xltabular.sty
Package: xltabular 2025/02/28 v0.2i `xltabular' package (hv,RN)
(C:\Users\jerem\AppData\Local\Programs\MiKTeX\tex/latex/tools\tabularx.sty
Package: tabularx 2023/12/11 v2.12a `tabularx' package (DPC)
\TX@col@width=\dimen149
\TX@old@table=\dimen150
\TX@old@col=\dimen151
\TX@target=\dimen152
\TX@delta=\dimen153
\TX@cols=\count282
\TX@ftn=\toks24
)
(C:\Users\jerem\AppData\Local\Programs\MiKTeX\tex/latex/etoolbox\etoolbox.sty
Package: etoolbox 2020/10/05 v2.5k e-TeX tools for LaTeX (JAW)
\etb@tempcnta=\count283
)
(C:\Users\jerem\AppData\Local\Programs\MiKTeX\tex/latex/ltablex\ltablex.sty
Package: ltablex 2014/08/13 v1.1 Modified tabularx
))
(C:\Users\jerem\AppData\Local\Programs\MiKTeX\tex/latex/tabularray\tabularray.s
ty
Package: tabularray 2025-11-27 v2025C Typeset tabulars and arrays with LaTeX3

(C:\Users\jerem\AppData\Local\Programs\MiKTeX\tex/latex/ninecolors\ninecolors.s
ty
Package: ninecolors 2022-02-13 v2022D Select colors with proper color contrast

(C:\Users\jerem\AppData\Local\Programs\MiKTeX\tex/latex/l3packages/xparse\xpars
e.sty
(C:\Users\jerem\AppData\Local\Programs\MiKTeX\tex/latex/l3kernel\expl3.sty
Package: expl3 2024-10-09 L3 programming layer (loader) 

(C:\Users\jerem\AppData\Local\Programs\MiKTeX\tex/latex/l3backend\l3backend-pdf
tex.def
File: l3backend-pdftex.def 2024-05-08 L3 backend support: PDF output (pdfTeX)
\l__color_backend_stack_int=\count284
\l__pdf_internal_box=\box62
))
Package: xparse 2024-08-16 L3 Experimental document command parser
))
\g__tblr_nohyper_int=\count285
\l__tblr_a_int=\count286
\l__tblr_c_int=\count287
\l__tblr_r_int=\count288
\l__tblr_d_dim=\dimen154
\l__tblr_h_dim=\dimen155
\l__tblr_o_dim=\dimen156
\l__tblr_p_dim=\dimen157
\l__tblr_q_dim=\dimen158
\l__tblr_r_dim=\dimen159
\l__tblr_s_dim=\dimen160
\l__tblr_t_dim=\dimen161
\l__tblr_v_dim=\dimen162
\l__tblr_w_dim=\dimen163
\l__tblr_a_box=\box63
\l__tblr_b_box=\box64
\l__tblr_c_box=\box65
\l__tblr_d_box=\box66
\c@tblrcount=\count289
\c@colnum=\count290
\c@rowcount=\count291
\c@colcount=\count292
\abovesep=\dimen164
\belowsep=\dimen165
\leftsep=\dimen166
\rightsep=\dimen167
\gTblrLevelInt=\count293
\g__tblr_data_row_key_count_int=\count294
\g__tblr_data_column_key_count_int=\count295
\g__tblr_data_cell_key_count_int=\count296
\g__tblr_array_int=\count297
\l__tblr_key_count_int=\count298
\l__tblr_key_quotient_int=\count299
\l__tblr_key_quotient_two_int=\count300
\l__tblr_key_remainder_int=\count301
\g__tblr_data_str_value_count_int=\count302
\lTblrChildTotalInt=\count303
\lTblrChildHtotalInt=\count304
\lTblrChildVtotalInt=\count305
\l__child_diff_h_int=\count306
\l__child_diff_v_int=\count307
\l__child_sign_h_int=\count308
\l__child_sign_v_int=\count309
\l__child_step_int=\count310
\lTblrDefaultHruleWidthDim=\dimen168
\lTblrDefaultVruleWidthDim=\dimen169
\l__tblr_split_balance_int=\count311
\l__tblr_strut_dp_dim=\dimen170
\l__tblr_strut_ht_dim=\dimen171
\g__tblr_cell_wd_dim=\dimen172
\g__tblr_cell_ht_dim=\dimen173
\g__tblr_cell_head_dim=\dimen174
\g__tblr_cell_foot_dim=\dimen175
\l__tblr_measured_cell_box=\box67
\g__tblr_last_box=\box68
\l__tblr_temp_box=\box69
\l__tblr_column_target_dim=\dimen176
\l__tblr_hfuzz_dim=\dimen177
\l__tblr_caption_box=\box70
\l__tblr_caption_left_box=\box71
\lTblrRowHeadInt=\count312
\lTblrRowFootInt=\count313
\l__tblr_row_head_box=\box72
\l__tblr_row_foot_box=\box73
\l__tblr_row_head_foot_dim=\dimen178
\lTblrTableWidthDim=\dimen179
\l__tblr_table_firsthead_box=\box74
\l__tblr_table_middlehead_box=\box75
\l__tblr_table_lasthead_box=\box76
\l__tblr_table_firstfoot_box=\box77
\l__tblr_table_middlefoot_box=\box78
\l__tblr_table_lastfoot_box=\box79
\l__tblr_remain_height_dim=\dimen180
\l__tblr_next_rows_dim=\dimen181
\l__tblr_page_overfill_dim=\dimen182
\l__tblr_long_from_int=\count314
\l__tblr_long_to_int=\count315
\l__tblr_curr_i_int=\count316
\l__tblr_prev_i_int=\count317
\lTblrTablePageInt=\count318
\l__tblr_table_head_box=\box80
\l__tblr_table_foot_box=\box81
\l__tblr_table_head_foot_dim=\dimen183
\l__tblr_table_head_body_foot_dim=\dimen184
\l__tblr_table_box=\box82
\lTblrRowFirstInt=\count319
\lTblrRowLastInt=\count320
\l__tblr_cover_box_a_dim=\dimen185
\l__tblr_cover_box_b_dim=\dimen186
\l__tblr_table_hlines_box=\box83
\l__tblr_hline_box=\box84
\l__tblr_row_box=\box85
\l__tblr_col_o_wd_dim=\dimen187
\l__tblr_col_b_wd_dim=\dimen188
\l__tblr_hline_leftskip_dim=\dimen189
\l__tblr_hline_rightskip_dim=\dimen190
\l__tblr_row_ht_dim=\dimen191
\l__tblr_row_dp_dim=\dimen192
\l__tblr_row_abovesep_dim=\dimen193
\l__tblr_row_belowsep_dim=\dimen194
\l__tblr_row_vlines_box=\box86
\l__tblr_vline_box=\box87
\l__tblr_cell_box=\box88
\l__tblr_row_upper_dim=\dimen195
\l__tblr_row_lower_dim=\dimen196
\l__tblr_row_vpace_dim=\dimen197
\l__tblr_vline_aboveskip_dim=\dimen198
\l__tblr_vline_belowskip_dim=\dimen199
\lTblrCellRowSpanInt=\count321
\lTblrCellColSpanInt=\count322
\l__tblr_cell_wd_dim=\dimen256
\l__tblr_cell_ht_dim=\dimen257
\lTblrCellAboveBorderWidthDim=\dimen258
\lTblrCellBelowBorderWidthDim=\dimen259
\lTblrCellLeftBorderWidthDim=\dimen260
\lTblrCellRightBorderWidthDim=\dimen261
\l__tblr_diag_box=\box89
\l__tblr_cell_inner_wd_dim=\dimen262
\l__tblr_cell_inner_dp_dim=\dimen263
\l__tblr_cell_hanchor_dim=\dimen264
\l__tblr_last_cell_table_ht_dim=\dimen265
\l__tblr_last_cell_table_dp_dim=\dimen266
\l__tblr_last_vline_wd_dim=\dimen267
\l__tblr_tikz_node_box=\box90
)
\g__doxy_nohyper_int=\count323

(C:\Users\jerem\AppData\Local\Programs\MiKTeX\tex/latex/fancyvrb\fancyvrb.sty
Package: fancyvrb 2024/01/20 4.5c verbatim text (tvz,hv)

(C:\Users\jerem\AppData\Local\Programs\MiKTeX\tex/latex/graphics\keyval.sty
Package: keyval 2022/05/29 v1.15 key=value parser (DPC)
\KV@toks@=\toks25
)
\FV@CodeLineNo=\count324
\FV@InFile=\read3
\FV@TabBox=\box91
\c@FancyVerbLine=\count325
\FV@StepNumber=\count326
\FV@OutFile=\write3
)
(C:\Users\jerem\AppData\Local\Programs\MiKTeX\tex/latex/tools\multicol.sty
Package: multicol 2024/09/14 v1.9i multicolumn formatting (FMi)
\c@tracingmulticols=\count327
\mult@box=\box92
\multicol@leftmargin=\dimen268
\c@unbalance=\count328
\c@collectmore=\count329
\doublecol@number=\count330
\multicoltolerance=\count331
\multicolpretolerance=\count332
\full@width=\dimen269
\page@free=\dimen270
\premulticols=\dimen271
\postmulticols=\dimen272
\multicolsep=\skip61
\multicolbaselineskip=\skip62
\partial@page=\box93
\last@line=\box94
\mc@boxedresult=\box95
\maxbalancingoverflow=\dimen273
\mult@rightbox=\box96
\mult@grightbox=\box97
\mult@firstbox=\box98
\mult@gfirstbox=\box99
\@tempa=\box100
\@tempa=\box101
\@tempa=\box102
\@tempa=\box103
\@tempa=\box104
\@tempa=\box105
\@tempa=\box106
\@tempa=\box107
\@tempa=\box108
\@tempa=\box109
\@tempa=\box110
\@tempa=\box111
\@tempa=\box112
\@tempa=\box113
\@tempa=\box114
\@tempa=\box115
\@tempa=\box116
\@tempa=\box117
\@tempa=\box118
\@tempa=\box119
\@tempa=\box120
\@tempa=\box121
\@tempa=\box122
\@tempa=\box123
\@tempa=\box124
\@tempa=\box125
\@tempa=\box126
\@tempa=\box127
\@tempa=\box128
\@tempa=\box129
\@tempa=\box130
\@tempa=\box131
\@tempa=\box132
\@tempa=\box133
\@tempa=\box134
\@tempa=\box135
\c@minrows=\count333
\c@columnbadness=\count334
\c@finalcolumnbadness=\count335
\last@try=\dimen274
\multicolovershoot=\dimen275
\multicolundershoot=\dimen276
\mult@nat@firstbox=\box136
\colbreak@box=\box137
\mc@col@check@num=\count336
)
(C:\Users\jerem\AppData\Local\Programs\MiKTeX\tex/latex/multirow\multirow.sty
Package: multirow 2021/03/15 v2.8 Span multiple rows of a table
\multirow@colwidth=\skip63
\multirow@cntb=\count337
\multirow@dima=\skip64
\bigstrutjot=\dimen277
)
(C:\Users\jerem\AppData\Local\Programs\MiKTeX\tex/latex/hanging\hanging.sty
Package: hanging 2009/09/02 v1.2b hanging paragraphs and punctuation
\h@ngcommawd=\skip65
\h@ngfstopwd=\skip66
\h@ngquotewd=\skip67
\h@ngdquotewd=\skip68
\h@ngquerywd=\skip69
\h@ngexclwd=\skip70
\h@ngcolonwd=\skip71
\h@ngscolonwd=\skip72
)
(C:\Users\jerem\AppData\Local\Programs\MiKTeX\tex/generic/iftex\ifpdf.sty
Package: ifpdf 2019/10/25 v3.4 ifpdf legacy package. Use iftex instead.
)
(C:\Users\jerem\AppData\Local\Programs\MiKTeX\tex/latex/adjustbox\adjustbox.sty
Package: adjustbox 2022/10/17 v1.3a Adjusting TeX boxes (trim, clip, ...)
(C:\Users\jerem\AppData\Local\Programs\MiKTeX\tex/latex/xkeyval\xkeyval.sty
Package: xkeyval 2022/06/16 v2.9 package option processing (HA)

(C:\Users\jerem\AppData\Local\Programs\MiKTeX\tex/generic/xkeyval\xkeyval.tex
(C:\Users\jerem\AppData\Local\Programs\MiKTeX\tex/generic/xkeyval\xkvutils.tex
\XKV@toks=\toks26
\XKV@tempa@toks=\toks27
)
\XKV@depth=\count338
File: xkeyval.tex 2014/12/03 v2.7a key=value parser (HA)
))
(C:\Users\jerem\AppData\Local\Programs\MiKTeX\tex/latex/adjustbox\adjcalc.sty
Package: adjcalc 2012/05/16 v1.1 Provides advanced setlength with multiple back
-ends (calc, etex, pgfmath)
)
(C:\Users\jerem\AppData\Local\Programs\MiKTeX\tex/latex/adjustbox\trimclip.sty
Package: trimclip 2020/08/19 v1.2 Trim and clip general TeX material

(C:\Users\jerem\AppData\Local\Programs\MiKTeX\tex/latex/graphics\graphicx.sty
Package: graphicx 2021/09/16 v1.2d Enhanced LaTeX Graphics (DPC,SPQR)

(C:\Users\jerem\AppData\Local\Programs\MiKTeX\tex/latex/graphics\graphics.sty
Package: graphics 2024/08/06 v1.4g Standard LaTeX Graphics (DPC,SPQR)

(C:\Users\jerem\AppData\Local\Programs\MiKTeX\tex/latex/graphics\trig.sty
Package: trig 2023/12/02 v1.11 sin cos tan (DPC)
)
(C:\Users\jerem\AppData\Local\Programs\MiKTeX\tex/latex/graphics-cfg\graphics.c
fg
File: graphics.cfg 2016/06/04 v1.11 sample graphics configuration
)
Package graphics Info: Driver file: pdftex.def on input line 106.
)
\Gin@req@height=\dimen278
\Gin@req@width=\dimen279
)
(C:\Users\jerem\AppData\Local\Programs\MiKTeX\tex/latex/collectbox\collectbox.s
ty
Package: collectbox 2022/10/17 v0.4c Collect macro arguments as boxes
\collectedbox=\box138
)
\tc@llx=\dimen280
\tc@lly=\dimen281
\tc@urx=\dimen282
\tc@ury=\dimen283
Package trimclip Info: Using driver 'tc-pdftex.def'.

(C:\Users\jerem\AppData\Local\Programs\MiKTeX\tex/latex/adjustbox\tc-pdftex.def
File: tc-pdftex.def 2019/01/04 v2.2 Clipping driver for pdftex
))
\adjbox@Width=\dimen284
\adjbox@Height=\dimen285
\adjbox@Depth=\dimen286
\adjbox@Totalheight=\dimen287
\adjbox@pwidth=\dimen288
\adjbox@pheight=\dimen289
\adjbox@pdepth=\dimen290
\adjbox@ptotalheight=\dimen291

(C:\Users\jerem\AppData\Local\Programs\MiKTeX\tex/latex/ifoddpage\ifoddpage.sty
Package: ifoddpage 2022/10/18 v1.2 Conditionals for odd/even page detection
\c@checkoddpage=\count339
)) (C:\Users\jerem\AppData\Local\Programs\MiKTeX\tex/latex/amsfonts\amssymb.sty
Package: amssymb 2013/01/14 v3.01 AMS font symbols
(C:\Users\jerem\AppData\Local\Programs\MiKTeX\tex/latex/amsfonts\amsfonts.sty
Package: amsfonts 2013/01/14 v3.01 Basic AMSFonts support
\@emptytoks=\toks28
\symAMSa=\mathgroup4
\symAMSb=\mathgroup5
LaTeX Font Info:    Redeclaring math symbol \hbar on input line 98.
LaTeX Font Info:    Overwriting math alphabet `\mathfrak' in version `bold'
(Font)                  U/euf/m/n --> U/euf/b/n on input line 106.
))
(C:\Users\jerem\AppData\Local\Programs\MiKTeX\tex/latex/stackengine\stackengine
.sty
Package: stackengine 2021/07/22 v4.11\ Stacking text and objects in convenient 
ways

(C:\Users\jerem\AppData\Local\Programs\MiKTeX\tex/latex/listofitems\listofitems
.sty
(C:\Users\jerem\AppData\Local\Programs\MiKTeX\tex/generic/listofitems\listofite
ms.tex
\loi_cnt_foreach_nest=\count340
\loi_nestcnt=\count341
)
Package: listofitems 2024/03/09 v1.65 Grab items in lists using user-specified 
sep char (CT)
)
\c@@stackindex=\count342
\@boxshift=\skip73
\stack@tmplength=\skip74
\temp@stkl=\skip75
\@stackedboxwidth=\skip76
\@addedbox=\box139
\@anchorbox=\box140
\@insetbox=\box141
\se@backgroundbox=\box142
\stackedbox=\box143
\@centerbox=\box144
\c@ROWcellindex@=\count343
)
(C:\Users\jerem\AppData\Local\Programs\MiKTeX\tex/latex/enumitem\enumitem.sty
Package: enumitem 2019/06/20 v3.9 Customized lists
\labelindent=\skip77
\enit@outerparindent=\dimen292
\enit@toks=\toks29
\enit@inbox=\box145
\enit@count@id=\count344
\enitdp@description=\count345
)
(C:\Users\jerem\AppData\Local\Programs\MiKTeX\tex/generic/alphalph\alphalph.sty
Package: alphalph 2019/12/09 v2.6 Convert numbers to letters (HO)
(C:\Users\jerem\AppData\Local\Programs\MiKTeX\tex/generic/intcalc\intcalc.sty
Package: intcalc 2019/12/15 v1.3 Expandable calculations with integers (HO)
)) (C:\Users\jerem\AppData\Local\Programs\MiKTeX\tex/latex/ulem\ulem.sty
\UL@box=\box146
\UL@hyphenbox=\box147
\UL@skip=\skip78
\UL@hook=\toks30
\UL@height=\dimen293
\UL@pe=\count346
\UL@pixel=\dimen294
\ULC@box=\box148
Package: ulem 2019/11/18
\ULdepth=\dimen295
)
\xrefbox=\box149
\xreflength=\skip79
\CodeWidthChar=\skip80
\CodeHeightChar=\skip81
\DoxyCodeWidth=\skip82
\c@DoxyEnumeratei=\count347
\c@DoxyEnumerateii=\count348
\c@DoxyEnumerateiii=\count349
\c@DoxyEnumerateiv=\count350
\c@DoxyEnumeratev=\count351
\c@DoxyEnumeratevi=\count352
\c@DoxyEnumeratevii=\count353
\c@DoxyEnumerateviii=\count354
\c@DoxyEnumerateix=\count355
\c@DoxyEnumeratex=\count356
\c@DoxyEnumeratexi=\count357
\c@DoxyEnumeratexii=\count358
\enitdp@DoxyEnumerate=\count359
\enitdp@DoxyItemize=\count360
\c@subsubsubsection=\count361
\c@subsubsubsubsection=\count362
\c@subsubsubsubsubsection=\count363
\c@subsubsubsubsubsubsection=\count364
)
(C:\Users\jerem\AppData\Local\Programs\MiKTeX\tex/latex/base\inputenc.sty
Package: inputenc 2024/02/08 v1.3d Input encoding file
\inpenc@prehook=\toks31
\inpenc@posthook=\toks32
)
(C:\Users\jerem\AppData\Local\Programs\MiKTeX\tex/latex/base\makeidx.sty
Package: makeidx 2021/10/04 v1.0m Standard LaTeX package
)
(C:\Users\jerem\AppData\Local\Programs\MiKTeX\tex/latex/base\textcomp.sty
Package: textcomp 2024/04/24 v2.1b Standard LaTeX package
)
(C:\Users\jerem\AppData\Local\Programs\MiKTeX\tex/latex/wasysym\wasysym.sty
Package: wasysym 2020/01/19 v2.4 Wasy-2 symbol support package
\symwasy=\mathgroup6
LaTeX Font Info:    Overwriting symbol font `wasy' in version `bold'
(Font)                  U/wasy/m/n --> U/wasy/b/n on input line 93.
)
(C:\Users\jerem\AppData\Local\Programs\MiKTeX\tex/generic/iftex\ifxetex.sty
Package: ifxetex 2019/10/25 v0.7 ifxetex legacy package. Use iftex instead.
)
(C:\Users\jerem\AppData\Local\Programs\MiKTeX\tex/latex/base\fontenc.sty
Package: fontenc 2021/04/29 v2.0v Standard LaTeX package
)
(C:\Users\jerem\AppData\Local\Programs\MiKTeX\tex/latex/psnfss\helvet.sty
Package: helvet 2020/03/25 PSNFSS-v9.3 (WaS) 
)
(C:\Users\jerem\AppData\Local\Programs\MiKTeX\tex/latex/psnfss\courier.sty
Package: courier 2020/03/25 PSNFSS-v9.3 (WaS) 
)
(C:\Users\jerem\AppData\Local\Programs\MiKTeX\tex/latex/geometry\geometry.sty
Package: geometry 2020/01/02 v5.9 Page Geometry

(C:\Users\jerem\AppData\Local\Programs\MiKTeX\tex/generic/iftex\ifvtex.sty
Package: ifvtex 2019/10/25 v1.7 ifvtex legacy package. Use iftex instead.
)
\Gm@cnth=\count365
\Gm@cntv=\count366
\c@Gm@tempcnt=\count367
\Gm@bindingoffset=\dimen296
\Gm@wd@mp=\dimen297
\Gm@odd@mp=\dimen298
\Gm@even@mp=\dimen299
\Gm@layoutwidth=\dimen300
\Gm@layoutheight=\dimen301
\Gm@layouthoffset=\dimen302
\Gm@layoutvoffset=\dimen303
\Gm@dimlist=\toks33

(C:\Users\jerem\AppData\Local\Programs\MiKTeX\tex/latex/geometry\geometry.cfg))

(C:\Users\jerem\AppData\Local\Programs\MiKTeX\tex/latex/changepage\changepage.s
ty
Package: changepage 2009/10/20 v1.0c check page and change page layout
\c@cp@cntr=\count368
\cp@tempcnt=\count369
LaTeX Info: Redefining \checkoddpage on input line 59.
)
(C:\Users\jerem\AppData\Local\Programs\MiKTeX\tex/latex/fancyhdr\fancyhdr.sty
Package: fancyhdr 2024/07/23 v4.3.1 Extensive control of page headers and foote
rs
\f@nch@headwidth=\skip83
\f@nch@O@elh=\skip84
\f@nch@O@erh=\skip85
\f@nch@O@olh=\skip86
\f@nch@O@orh=\skip87
\f@nch@O@elf=\skip88
\f@nch@O@erf=\skip89
\f@nch@O@olf=\skip90
\f@nch@O@orf=\skip91
)
(C:\Users\jerem\AppData\Local\Programs\MiKTeX\tex/latex/natbib\natbib.sty
Package: natbib 2010/09/13 8.31b (PWD, AO)
\bibhang=\skip92
\bibsep=\skip93
LaTeX Info: Redefining \cite on input line 694.
\c@NAT@ctr=\count370
)
(C:\Users\jerem\AppData\Local\Programs\MiKTeX\tex/latex/tocloft\tocloft.sty
Package: tocloft 2017/08/31 v2.3i parameterised ToC, etc., typesetting
Package tocloft Info: The document has chapter divisions on input line 51.
\cftparskip=\skip94
\cftbeforetoctitleskip=\skip95
\cftaftertoctitleskip=\skip96
\cftbeforepartskip=\skip97
\cftpartnumwidth=\skip98
\cftpartindent=\skip99
\cftbeforechapskip=\skip100
\cftchapindent=\skip101
\cftchapnumwidth=\skip102
\cftbeforesecskip=\skip103
\cftsecindent=\skip104
\cftsecnumwidth=\skip105
\cftbeforesubsecskip=\skip106
\cftsubsecindent=\skip107
\cftsubsecnumwidth=\skip108
\cftbeforesubsubsecskip=\skip109
\cftsubsubsecindent=\skip110
\cftsubsubsecnumwidth=\skip111
\cftbeforeparaskip=\skip112
\cftparaindent=\skip113
\cftparanumwidth=\skip114
\cftbeforesubparaskip=\skip115
\cftsubparaindent=\skip116
\cftsubparanumwidth=\skip117
\cftbeforeloftitleskip=\skip118
\cftafterloftitleskip=\skip119
\cftbeforefigskip=\skip120
\cftfigindent=\skip121
\cftfignumwidth=\skip122
\c@lofdepth=\count371
\c@lotdepth=\count372
\cftbeforelottitleskip=\skip123
\cftafterlottitleskip=\skip124
\cftbeforetabskip=\skip125
\cfttabindent=\skip126
\cfttabnumwidth=\skip127
)
\@indexfile=\write4
\openout4 = `refman.idx'.


Writing index file refman.idx

(C:\Users\jerem\AppData\Local\Programs\MiKTeX\tex/latex/newunicodechar\newunico
dechar.sty
Package: newunicodechar 2018/04/08 v1.2 Defining Unicode characters
)
(C:\Users\jerem\AppData\Local\Programs\MiKTeX\tex/latex/hyperref\hyperref.sty
Package: hyperref 2024-10-30 v7.01k Hypertext links for LaTeX

(C:\Users\jerem\AppData\Local\Programs\MiKTeX\tex/latex/kvsetkeys\kvsetkeys.sty
Package: kvsetkeys 2022-10-05 v1.19 Key value parser (HO)
)
(C:\Users\jerem\AppData\Local\Programs\MiKTeX\tex/generic/kvdefinekeys\kvdefine
keys.sty
Package: kvdefinekeys 2019-12-19 v1.6 Define keys (HO)
)
(C:\Users\jerem\AppData\Local\Programs\MiKTeX\tex/generic/pdfescape\pdfescape.s
ty
Package: pdfescape 2019/12/09 v1.15 Implements pdfTeX's escape features (HO)

(C:\Users\jerem\AppData\Local\Programs\MiKTeX\tex/generic/ltxcmds\ltxcmds.sty
Package: ltxcmds 2023-12-04 v1.26 LaTeX kernel commands for general use (HO)
)
(C:\Users\jerem\AppData\Local\Programs\MiKTeX\tex/generic/pdftexcmds\pdftexcmds
.sty
Package: pdftexcmds 2020-06-27 v0.33 Utility functions of pdfTeX for LuaTeX (HO
)
Package pdftexcmds Info: \pdf@primitive is available.
Package pdftexcmds Info: \pdf@ifprimitive is available.
Package pdftexcmds Info: \pdfdraftmode found.
))
(C:\Users\jerem\AppData\Local\Programs\MiKTeX\tex/latex/hycolor\hycolor.sty
Package: hycolor 2020-01-27 v1.10 Color options for hyperref/bookmark (HO)
)
(C:\Users\jerem\AppData\Local\Programs\MiKTeX\tex/latex/hyperref\nameref.sty
Package: nameref 2023-11-26 v2.56 Cross-referencing by name of section

(C:\Users\jerem\AppData\Local\Programs\MiKTeX\tex/latex/refcount\refcount.sty
Package: refcount 2019/12/15 v3.6 Data extraction from label references (HO)
)
(C:\Users\jerem\AppData\Local\Programs\MiKTeX\tex/generic/gettitlestring\gettit
lestring.sty
Package: gettitlestring 2019/12/15 v1.6 Cleanup title references (HO)

(C:\Users\jerem\AppData\Local\Programs\MiKTeX\tex/latex/kvoptions\kvoptions.sty
Package: kvoptions 2022-06-15 v3.15 Key value format for package options (HO)
))
\c@section@level=\count373
)
(C:\Users\jerem\AppData\Local\Programs\MiKTeX\tex/generic/stringenc\stringenc.s
ty
Package: stringenc 2019/11/29 v1.12 Convert strings between diff. encodings (HO
)
)
\@linkdim=\dimen304
\Hy@linkcounter=\count374
\Hy@pagecounter=\count375
 (C:\Users\jerem\AppData\Local\Programs\MiKTeX\tex/latex/hyperref\pd1enc.def
File: pd1enc.def 2024-10-30 v7.01k Hyperref: PDFDocEncoding definition (HO)
Now handling font encoding PD1 ...
... no UTF-8 mapping file for font encoding PD1
)
\Hy@SavedSpaceFactor=\count376
 (C:\Users\jerem\AppData\Local\Programs\MiKTeX\tex/latex/hyperref\puenc.def
File: puenc.def 2024-10-30 v7.01k Hyperref: PDF Unicode definition (HO)
Now handling font encoding PU ...
... no UTF-8 mapping file for font encoding PU
)
Package hyperref Info: Hyper figures OFF on input line 4157.
Package hyperref Info: Link nesting OFF on input line 4162.
Package hyperref Info: Hyper index ON on input line 4165.
Package hyperref Info: Plain pages OFF on input line 4172.
Package hyperref Info: Backreferencing ON on input line 4175.
Package hyperref Info: Implicit mode ON; LaTeX internals redefined.
Package hyperref Info: Bookmarks ON on input line 4424.

(C:\Users\jerem\AppData\Local\Programs\MiKTeX\tex/latex/hyperref\backref.sty
Package: backref 2023-11-26 v1.44 Bibliographical back referencing

(C:\Users\jerem\AppData\Local\Programs\MiKTeX\tex/latex/rerunfilecheck\rerunfil
echeck.sty
Package: rerunfilecheck 2022-07-10 v1.10 Rerun checks for auxiliary files (HO)

(C:\Users\jerem\AppData\Local\Programs\MiKTeX\tex/latex/base\atveryend-ltx.sty
Package: atveryend-ltx 2020/08/19 v1.0a Emulation of the original atveryend pac
kage
with kernel methods
)
(C:\Users\jerem\AppData\Local\Programs\MiKTeX\tex/generic/uniquecounter\uniquec
ounter.sty
Package: uniquecounter 2019/12/15 v1.4 Provide unlimited unique counter (HO)

(C:\Users\jerem\AppData\Local\Programs\MiKTeX\tex/generic/bigintcalc\bigintcalc
.sty
Package: bigintcalc 2019/12/15 v1.5 Expandable calculations on big integers (HO
)
))
Package uniquecounter Info: New unique counter `rerunfilecheck' on input line 2
85.
))
\c@Hy@tempcnt=\count377
 (C:\Users\jerem\AppData\Local\Programs\MiKTeX\tex/latex/url\url.sty
\Urlmuskip=\muskip17
Package: url 2013/09/16  ver 3.4  Verb mode for urls, etc.
)
LaTeX Info: Redefining \url on input line 4763.
\XeTeXLinkMargin=\dimen305

(C:\Users\jerem\AppData\Local\Programs\MiKTeX\tex/generic/bitset\bitset.sty
Package: bitset 2019/12/09 v1.3 Handle bit-vector datatype (HO)
)
\Fld@menulength=\count378
\Field@Width=\dimen306
\Fld@charsize=\dimen307
Package hyperref Info: Hyper figures OFF on input line 6042.
Package hyperref Info: Link nesting OFF on input line 6047.
Package hyperref Info: Hyper index ON on input line 6050.
Package hyperref Info: backreferencing ON on input line 6055.
Package hyperref Info: Link coloring OFF on input line 6062.
Package hyperref Info: Link coloring with OCG OFF on input line 6067.
Package hyperref Info: PDF/A mode OFF on input line 6072.

(C:\Users\jerem\AppData\Local\Programs\MiKTeX\tex/latex/base\atbegshi-ltx.sty
Package: atbegshi-ltx 2021/01/10 v1.0c Emulation of the original atbegshi
package with kernel methods
)
\Hy@abspage=\count379
\c@Item=\count380
\c@Hfootnote=\count381
)
Package hyperref Info: Driver: hpdftex.
(C:\Users\jerem\AppData\Local\Programs\MiKTeX\tex/latex/hyperref\hpdftex.def
File: hpdftex.def 2024-10-30 v7.01k Hyperref driver for pdfTeX
\Fld@listcount=\count382
\c@bookmark@seq@number=\count383
\Hy@SectionHShift=\skip128
)
Package hyperref Info: Option `colorlinks' set `true' on input line 179.
Package hyperref Info: Option `unicode' set `true' on input line 179.

(C:\Users\jerem\AppData\Local\Programs\MiKTeX\tex/latex/caption\caption.sty
Package: caption 2023/08/05 v3.6o Customizing captions (AR)

(C:\Users\jerem\AppData\Local\Programs\MiKTeX\tex/latex/caption\caption3.sty
Package: caption3 2023/07/31 v2.4d caption3 kernel (AR)
\caption@tempdima=\dimen308
\captionmargin=\dimen309
\caption@leftmargin=\dimen310
\caption@rightmargin=\dimen311
\caption@width=\dimen312
\caption@indent=\dimen313
\caption@parindent=\dimen314
\caption@hangindent=\dimen315
Package caption Info: Standard document class detected.
)
\c@caption@flags=\count384
\c@continuedfloat=\count385
Package caption Info: changepage package is loaded.
\caption@adjustwidth@hsize=\dimen316
\caption@adjustwidth@linewidth=\dimen317
Package caption Info: float package is loaded.
Package caption Info: hyperref package is loaded.
Package caption Info: longtable package is loaded.

(C:\Users\jerem\AppData\Local\Programs\MiKTeX\tex/latex/caption\ltcaption.sty
Package: ltcaption 2021/01/08 v1.4c longtable captions (AR)
)) (C:\Users\jerem\AppData\Local\Programs\MiKTeX\tex/latex/etoc\etoc.sty
Package: etoc 2023/10/29 v1.2d Completely customisable TOCs (JFB)
\Etoc@toctoks=\toks34
\c@etoc@tocid=\count386
\etoc@framed@titlebox=\box150
\etoc@framed@contentsbox=\box151
)
LaTeX Font Info:    Trying to load font information for T1+phv on input line 20
1.

(C:\Users\jerem\AppData\Local\Programs\MiKTeX\tex/latex/psnfss\t1phv.fd
File: t1phv.fd 2020/03/25 scalable font definitions for T1/phv.
)
LaTeX Font Info:    Font shape `T1/phv/m/n' will be
(Font)              scaled to size 8.99994pt on input line 201.

(refman.aux

LaTeX Warning: Label `doc-define-members' multiply defined.


LaTeX Warning: Label `doc-func-members' multiply defined.


LaTeX Warning: Label `doc-func-members' multiply defined.


LaTeX Warning: Label `doc-func-members' multiply defined.


LaTeX Warning: Label `doc-func-members' multiply defined.


LaTeX Warning: Label `doc-func-members' multiply defined.


LaTeX Warning: Label `doc-var-members' multiply defined.


LaTeX Warning: Label `doc-func-members' multiply defined.

)
\openout1 = `refman.aux'.

LaTeX Font Info:    Checking defaults for OML/cmm/m/it on input line 201.
LaTeX Font Info:    ... okay on input line 201.
LaTeX Font Info:    Checking defaults for OMS/cmsy/m/n on input line 201.
LaTeX Font Info:    ... okay on input line 201.
LaTeX Font Info:    Checking defaults for OT1/cmr/m/n on input line 201.
LaTeX Font Info:    ... okay on input line 201.
LaTeX Font Info:    Checking defaults for T1/cmr/m/n on input line 201.
LaTeX Font Info:    ... okay on input line 201.
LaTeX Font Info:    Checking defaults for TS1/cmr/m/n on input line 201.
LaTeX Font Info:    ... okay on input line 201.
LaTeX Font Info:    Checking defaults for OMX/cmex/m/n on input line 201.
LaTeX Font Info:    ... okay on input line 201.
LaTeX Font Info:    Checking defaults for U/cmr/m/n on input line 201.
LaTeX Font Info:    ... okay on input line 201.
LaTeX Font Info:    Checking defaults for PD1/pdf/m/n on input line 201.
LaTeX Font Info:    ... okay on input line 201.
LaTeX Font Info:    Checking defaults for PU/pdf/m/n on input line 201.
LaTeX Font Info:    ... okay on input line 201.

(C:\Users\jerem\AppData\Local\Programs\MiKTeX\tex/context/base/mkii\supp-pdf.mk
ii
[Loading MPS to PDF converter (version 2006.09.02).]
\scratchcounter=\count387
\scratchdimen=\dimen318
\scratchbox=\box152
\nofMPsegments=\count388
\nofMParguments=\count389
\everyMPshowfont=\toks35
\MPscratchCnt=\count390
\MPscratchDim=\dimen319
\MPnumerator=\count391
\makeMPintoPDFobject=\count392
\everyMPtoPDFconversion=\toks36
)
(C:\Users\jerem\AppData\Local\Programs\MiKTeX\tex/latex/epstopdf-pkg\epstopdf-b
ase.sty
Package: epstopdf-base 2020-01-24 v2.11 Base part for package epstopdf
Package epstopdf-base Info: Redefining graphics rule for `.eps' on input line 4
85.

(C:\Users\jerem\AppData\Local\Programs\MiKTeX\tex/latex/00miktex\epstopdf-sys.c
fg
File: epstopdf-sys.cfg 2021/03/18 v2.0 Configuration of epstopdf for MiKTeX
))
*geometry* driver: auto-detecting
*geometry* detected driver: pdftex
*geometry* verbose mode - [ preamble ] result:
* driver: pdftex
* paper: a4paper
* layout: <same size as paper>
* layoutoffset:(h,v)=(0.0pt,0.0pt)
* modes: twoside 
* h-part:(L,W,R)=(71.13188pt, 455.24411pt, 71.13188pt)
* v-part:(T,H,B)=(71.13188pt, 702.78308pt, 71.13188pt)
* \paperwidth=597.50787pt
* \paperheight=845.04684pt
* \textwidth=455.24411pt
* \textheight=702.78308pt
* \oddsidemargin=-1.1381pt
* \evensidemargin=-1.1381pt
* \topmargin=-31.2056pt
* \headheight=12.0pt
* \headsep=18.06749pt
* \topskip=10.0pt
* \footskip=25.29494pt
* \marginparwidth=125.0pt
* \marginparsep=7.0pt
* \columnsep=10.0pt
* \skip\footins=9.0pt plus 4.0pt minus 2.0pt
* \hoffset=0.0pt
* \voffset=0.0pt
* \mag=1000
* \@twocolumnfalse
* \@twosidetrue
* \@mparswitchtrue
* \@reversemarginfalse
* (1in=72.27pt=25.4mm, 1cm=28.453pt)

Package backref Info: ** backref set up for natbib ** on input line 201.
Package hyperref Info: Link coloring ON on input line 201.
(refman.out) (refman.out)
\@outlinefile=\write5
\openout5 = `refman.out'.

Package caption Info: Begin \AtBeginDocument code.
Package caption Info: End \AtBeginDocument code.
\Etoc@tf=\read4
Package hyperref Info: Option `pageanchor' set `false' on input line 209.
Package hyperref Info: Option `bookmarksnumbered' set `true' on input line 209.

Package hyperref Info: Option `unicode' set `true' on input line 209.
LaTeX Font Info:    Font shape `T1/phv/m/n' will be
(Font)              scaled to size 12.9599pt on input line 214.
LaTeX Font Info:    Font shape `T1/phv/m/n' will be
(Font)              scaled to size 10.79993pt on input line 216.


[1


{C:/Users/jerem/AppData/Local/MiKTeX/fonts/map/pdftex/pdftex.map}{C:/Users/jere
m/AppData/Local/Programs/MiKTeX/fonts/enc/dvips/base/8r.enc}]

[2

]
\tf@toc=\write6
\openout6 = `refman.toc'.

LaTeX Font Info:    Font shape `T1/phv/b/n' will be
(Font)              scaled to size 8.99994pt on input line 222.
LaTeX Font Info:    Trying to load font information for U+msa on input line 222
.
 (C:\Users\jerem\AppData\Local\Programs\MiKTeX\tex/latex/amsfonts\umsa.fd
File: umsa.fd 2013/01/14 v3.01 AMS symbols A
)
LaTeX Font Info:    Trying to load font information for U+msb on input line 222
.

(C:\Users\jerem\AppData\Local\Programs\MiKTeX\tex/latex/amsfonts\umsb.fd
File: umsb.fd 2013/01/14 v3.01 AMS symbols B
)
LaTeX Font Info:    Trying to load font information for U+wasy on input line 22
2.

(C:\Users\jerem\AppData\Local\Programs\MiKTeX\tex/latex/wasysym\uwasy.fd
File: uwasy.fd 2020/01/19 v2.4 Wasy-2 symbol font definitions
)
LaTeX Font Info:    Font shape `T1/phv/m/n' will be
(Font)              scaled to size 6.29996pt on input line 222.


LaTeX Font Info:    Font shape `T1/phv/b/n' will be
(Font)              scaled to size 6.29996pt on input line 222.
[1]

[2]

[3]

[4

]
Package hyperref Info: Option `pageanchor' set `true' on input line 225.

Chapter 1.
LaTeX Font Info:    Font shape `T1/phv/m/n' will be
(Font)              scaled to size 18.66588pt on input line 227.
LaTeX Font Info:    Font shape `T1/phv/b/n' will be
(Font)              scaled to size 18.66588pt on input line 227.
LaTeX Font Info:    Font shape `T1/phv/b/n' will be
(Font)              scaled to size 22.39185pt on input line 227.
(topics.tex
LaTeX Font Info:    Font shape `T1/phv/b/n' will be
(Font)              scaled to size 12.9599pt on input line 1.
)

[1

]

[2

]
Chapter 2.
(annotated.tex)

[3]

[4

]
Chapter 3.
(files.tex
LaTeX Font Info:    Trying to load font information for TS1+phv on input line 1
5.

(C:\Users\jerem\AppData\Local\Programs\MiKTeX\tex/latex/psnfss\ts1phv.fd
File: ts1phv.fd 2020/03/25 scalable font definitions for TS1/phv.
)
LaTeX Font Info:    Font shape `TS1/phv/m/n' will be
(Font)              scaled to size 8.99994pt on input line 15.
)

[5]

[6

]
Chapter 4.
(group___c_m_s_i_s.tex <./group___c_m_s_i_s.pdf>
<group___c_m_s_i_s.pdf, id=595, 265.99374pt x 100.375pt>
File: group___c_m_s_i_s.pdf Graphic file (type pdf)
<use group___c_m_s_i_s.pdf>
Package pdftex.def Info: group___c_m_s_i_s.pdf  used on input line 7.
(pdftex.def)             Requested size: 265.0pt x 100.00868pt.
LaTeX Font Info:    Font shape `T1/phv/b/n' will be
(Font)              scaled to size 10.79993pt on input line 18.
 (group__stm32f4xx__system.tex <./group__stm32f4xx__system.pdf>
<group__stm32f4xx__system.pdf, id=604, 446.66875pt x 413.545pt>
File: group__stm32f4xx__system.pdf Graphic file (type pdf)
<use group__stm32f4xx__system.pdf>
Package pdftex.def Info: group__stm32f4xx__system.pdf  used on input line 7.
(pdftex.def)             Requested size: 350.0pt x 324.053pt.


[7] (group___s_t_m32_f4xx___system___private___includes.tex <./group___s_t_m32_
f4xx___system___private___includes.pdf>
<group___s_t_m32_f4xx___system___private___includes.pdf, id=628, 362.35374pt x 
112.42pt>
File: group___s_t_m32_f4xx___system___private___includes.pdf Graphic file (type
 pdf)
<use group___s_t_m32_f4xx___system___private___includes.pdf>
Package pdftex.def Info: group___s_t_m32_f4xx___system___private___includes.pdf
  used on input line 7.
(pdftex.def)             Requested size: 350.0pt x 108.58925pt.


[8]
LaTeX Font Info:    Font shape `T1/phv/m/n' will be
(Font)              scaled to size 7.19995pt on input line 28.
LaTeX Font Info:    Trying to load font information for T1+pcr on input line 28
.
 (C:\Users\jerem\AppData\Local\Programs\MiKTeX\tex/latex/psnfss\t1pcr.fd
File: t1pcr.fd 2001/06/04 font definitions for T1/pcr.
))
(group___s_t_m32_f4xx___system___private___types_definitions.tex <./group___s_t
_m32_f4xx___system___private___types_definitions.pdf>
<group___s_t_m32_f4xx___system___private___types_definitions.pdf, id=646, 362.3
5374pt x 112.42pt>
File: group___s_t_m32_f4xx___system___private___types_definitions.pdf Graphic f
ile (type pdf)
<use group___s_t_m32_f4xx___system___private___types_definitions.pdf>
Package pdftex.def Info: group___s_t_m32_f4xx___system___private___types_defini
tions.pdf  used on input line 7.
(pdftex.def)             Requested size: 350.0pt x 108.58925pt.
)
(group___s_t_m32_f4xx___system___private___defines.tex <./group___s_t_m32_f4xx_
__system___private___defines.pdf>
<group___s_t_m32_f4xx___system___private___defines.pdf, id=654, 362.35374pt x 1
12.42pt>
File: group___s_t_m32_f4xx___system___private___defines.pdf Graphic file (type 
pdf)
<use group___s_t_m32_f4xx___system___private___defines.pdf>
Package pdftex.def Info: group___s_t_m32_f4xx___system___private___defines.pdf 
 used on input line 7.
(pdftex.def)             Requested size: 350.0pt x 108.58925pt.


[9]) (group___s_t_m32_f4xx___system___private___macros.tex <./group___s_t_m32_f
4xx___system___private___macros.pdf>
<group___s_t_m32_f4xx___system___private___macros.pdf, id=681, 362.35374pt x 11
2.42pt>
File: group___s_t_m32_f4xx___system___private___macros.pdf Graphic file (type p
df)
<use group___s_t_m32_f4xx___system___private___macros.pdf>
Package pdftex.def Info: group___s_t_m32_f4xx___system___private___macros.pdf  
used on input line 7.
(pdftex.def)             Requested size: 350.0pt x 108.58925pt.
)
(group___s_t_m32_f4xx___system___private___variables.tex <./group___s_t_m32_f4x
x___system___private___variables.pdf>
<group___s_t_m32_f4xx___system___private___variables.pdf, id=689, 362.35374pt x
 112.42pt>
File: group___s_t_m32_f4xx___system___private___variables.pdf Graphic file (typ
e pdf)
<use group___s_t_m32_f4xx___system___private___variables.pdf>
Package pdftex.def Info: group___s_t_m32_f4xx___system___private___variables.pd
f  used on input line 7.
(pdftex.def)             Requested size: 350.0pt x 108.58925pt.


[10]) (group___s_t_m32_f4xx___system___private___function_prototypes.tex <./gro
up___s_t_m32_f4xx___system___private___function_prototypes.pdf>
<group___s_t_m32_f4xx___system___private___function_prototypes.pdf, id=713, 362
.35374pt x 112.42pt>
File: group___s_t_m32_f4xx___system___private___function_prototypes.pdf Graphic
 file (type pdf)
<use group___s_t_m32_f4xx___system___private___function_prototypes.pdf>
Package pdftex.def Info: group___s_t_m32_f4xx___system___private___function_pro
totypes.pdf  used on input line 7.
(pdftex.def)             Requested size: 350.0pt x 108.58925pt.
)
(group___s_t_m32_f4xx___system___private___functions.tex <./group___s_t_m32_f4x
x___system___private___functions.pdf>
<group___s_t_m32_f4xx___system___private___functions.pdf, id=721, 362.35374pt x
 112.42pt>
File: group___s_t_m32_f4xx___system___private___functions.pdf Graphic file (typ
e pdf)
<use group___s_t_m32_f4xx___system___private___functions.pdf>
Package pdftex.def Info: group___s_t_m32_f4xx___system___private___functions.pd
f  used on input line 7.
(pdftex.def)             Requested size: 350.0pt x 108.58925pt.
LaTeX Font Info:    Font shape `T1/phv/m/n' will be
(Font)              scaled to size 8.09995pt on input line 14.
LaTeX Font Info:    Font shape `T1/phv/m/it' in size <9> not available
(Font)              Font shape `T1/phv/m/sl' tried instead on input line 14.
LaTeX Font Info:    Font shape `T1/phv/m/sl' will be
(Font)              scaled to size 8.09995pt on input line 14.


[11]
LaTeX Font Info:    Font shape `T1/phv/m/it' in size <7> not available
(Font)              Font shape `T1/phv/m/sl' tried instead on input line 16.
LaTeX Font Info:    Font shape `T1/phv/m/sl' will be
(Font)              scaled to size 6.29996pt on input line 16.
LaTeX Font Info:    Font shape `T1/pcr/m/it' in size <8> not available
(Font)              Font shape `T1/pcr/m/sl' tried instead on input line 29.
LaTeX Font Info:    Font shape `T1/phv/bc/n' will be
(Font)              scaled to size 8.99994pt on input line 35.

Underfull \hbox (badness 10000) detected at line 35
[][][]
 []


Underfull \hbox (badness 10000) in paragraph at lines 36--37

 []


Underfull \hbox (badness 10000) in paragraph at lines 48--49

 []

LaTeX Font Info:    Font shape `T1/phv/m/it' in size <10> not available
(Font)              Font shape `T1/phv/m/sl' tried instead on input line 62.
LaTeX Font Info:    Font shape `T1/phv/m/sl' will be
(Font)              scaled to size 8.99994pt on input line 62.


[12])))

[13]

[14

]
Chapter 5.
(struct_color_map.tex) (struct_font_info.tex) (structinput__vars.tex)
(struct_logic_interface.tex

[15]
Underfull \hbox (badness 10000) detected at line 33
[][][]
 []

) (struct_parsed_args.tex) (struct_v_g_a__t.tex)

[16]
Chapter 6.
(_a_p_i__func_8h_source.tex) (_bitmaps_8h_source.tex

[17

]

[18]

[19]

[20]

[21]

[22]

[23]

[24]

[25]

[26]

[27]

[28]

[29]

[30]

[31]

[32]

[33]

[34]

[35]

[36]

[37]

[38]

[39]

[40]) (combined__charsets_8h_source.tex

[41]

[42]

[43]

[44]

[45]

[46]

[47]

[48]

[49]

[50]

[51]

[52]

[53]

[54]

[55]

[56]

[57]

[58]

[59]

[60]

[61]

[62]

[63]

[64]

[65]

[66]

[67]

[68]) (dma_8h_source.tex

[69]) (gpio_8h_source.tex) (_logic__layer_8h.tex <./_logic__layer_8h__incl.pdf>
<_logic__layer_8h__incl.pdf, id=1047, 206.7725pt x 180.675pt>
File: _logic__layer_8h__incl.pdf Graphic file (type pdf)
<use _logic__layer_8h__incl.pdf>
Package pdftex.def Info: _logic__layer_8h__incl.pdf  used on input line 13.
(pdftex.def)             Requested size: 206.0pt x 180.00462pt.


[70] <./_logic__layer_8h__dep__incl.pdf>
<_logic__layer_8h__dep__incl.pdf, id=1059, 351.3125pt x 204.765pt>
File: _logic__layer_8h__dep__incl.pdf Graphic file (type pdf)
<use _logic__layer_8h__dep__incl.pdf>
Package pdftex.def Info: _logic__layer_8h__dep__incl.pdf  used on input line 20
.
(pdftex.def)             Requested size: 350.0pt x 204.0146pt.


[71]
Underfull \hbox (badness 10000) detected at line 56
[][][]
 []


Underfull \hbox (badness 10000) detected at line 68
[][][]
 []

) (_logic__layer_8h_source.tex) (main_8h.tex <./main_8h__incl.pdf>
<main_8h__incl.pdf, id=1093, 572.1375pt x 180.675pt>
File: main_8h__incl.pdf Graphic file (type pdf)
<use main_8h__incl.pdf>
Package pdftex.def Info: main_8h__incl.pdf  used on input line 18.
(pdftex.def)             Requested size: 350.0pt x 110.52586pt.


[72] <./main_8h__dep__incl.pdf>
<main_8h__dep__incl.pdf, id=1110, 891.33pt x 365.365pt>
File: main_8h__dep__incl.pdf Graphic file (type pdf)
<use main_8h__dep__incl.pdf>
Package pdftex.def Info: main_8h__dep__incl.pdf  used on input line 25.
(pdftex.def)             Requested size: 350.0pt x 143.46739pt.


[73]
Underfull \hbox (badness 10000) detected at line 139
[][][]
 []

LaTeX Font Info:    Font shape `TS1/phv/b/n' will be
(Font)              scaled to size 8.99994pt on input line 142.


[74]) (main_8h_source.tex

[75]) (stm32f4xx__hal__conf_8h_source.tex

[76]

[77]

[78]

[79]

[80]) (stm32f4xx__it_8h.tex <./stm32f4xx__it_8h__dep__incl.pdf>
<stm32f4xx__it_8h__dep__incl.pdf, id=1202, 206.7725pt x 204.765pt>
File: stm32f4xx__it_8h__dep__incl.pdf Graphic file (type pdf)
<use stm32f4xx__it_8h__dep__incl.pdf>
Package pdftex.def Info: stm32f4xx__it_8h__dep__incl.pdf  used on input line 12
.
(pdftex.def)             Requested size: 206.0pt x 204.00523pt.


[81]
Underfull \hbox (badness 10000) detected at line 59
[][][]
 []

) (stm32f4xx__it_8h_source.tex

[82]) (tim_8h_source.tex

[83]) (usart_8h_source.tex) (_a_p_i__func_8c.tex <./_a_p_i__func_8c__incl.pdf>
<_a_p_i__func_8c__incl.pdf, id=1254, 590.205pt x 349.305pt>
File: _a_p_i__func_8c__incl.pdf Graphic file (type pdf)
<use _a_p_i__func_8c__incl.pdf>
Package pdftex.def Info: _a_p_i__func_8c__incl.pdf  used on input line 15.
(pdftex.def)             Requested size: 350.0pt x 207.1435pt.


[84]

[85]
Underfull \hbox (badness 10000) detected at line 62
[][][]
 []

LaTeX Font Info:    Font shape `T1/pcr/m/it' in size <7> not available
(Font)              Font shape `T1/pcr/m/sl' tried instead on input line 69.

Underfull \hbox (badness 10000) detected at line 82
[][][]
 []



[86]
Underfull \hbox (badness 10000) detected at line 106
[][][]
 []



[87]
Underfull \hbox (badness 10000) detected at line 146
[][][]
 []


Underfull \hbox (badness 10000) detected at line 174
[][][]
 []



[88]
Underfull \hbox (badness 10000) detected at line 204
[][][]
 []


Underfull \hbox (badness 10000) detected at line 234
[][][]
 []



[89]
Underfull \hbox (badness 10000) detected at line 254
[][][]
 []


Underfull \hbox (badness 10000) detected at line 270
[][][]
 []

) (_logic_8c.tex <./_logic_8c__incl.pdf>
<_logic_8c__incl.pdf, id=1317, 575.14874pt x 349.305pt>
File: _logic_8c__incl.pdf Graphic file (type pdf)
<use _logic_8c__incl.pdf>
Package pdftex.def Info: _logic_8c__incl.pdf  used on input line 20.
(pdftex.def)             Requested size: 350.0pt x 212.56938pt.


[90]

[91]
Underfull \hbox (badness 10000) detected at line 90
[][][]
 []


Underfull \hbox (badness 10000) detected at line 104
[][][]
 []


Underfull \hbox (badness 10000) detected at line 118
[][][]
 []



[92]
Underfull \hbox (badness 10000) detected at line 134
[][][]
 []

) (main_8c.tex <./main_8c__incl.pdf>
<main_8c__incl.pdf, id=1372, 651.43375pt x 293.095pt>
File: main_8c__incl.pdf Graphic file (type pdf)
<use main_8c__incl.pdf>
Package pdftex.def Info: main_8c__incl.pdf  used on input line 22.
(pdftex.def)             Requested size: 350.0pt x 157.47734pt.


[93]
Underfull \hbox (badness 10000) detected at line 81
[][][]
 []



[94]

[95]
Underfull \hbox (badness 10000) detected at line 177
[][][]
 []

) (stm32f4xx__it_8c.tex <./stm32f4xx__it_8c__incl.pdf>
<stm32f4xx__it_8c__incl.pdf, id=1426, 572.1375pt x 236.885pt>
File: stm32f4xx__it_8c__incl.pdf Graphic file (type pdf)
<use stm32f4xx__it_8c__incl.pdf>
Package pdftex.def Info: stm32f4xx__it_8c__incl.pdf  used on input line 14.
(pdftex.def)             Requested size: 350.0pt x 144.9117pt.


[96]

[97]
Underfull \hbox (badness 10000) detected at line 74
[][][]
 []


Underfull \hbox (badness 10000) detected at line 92
[][][]
 []


Underfull \hbox (badness 10000) detected at line 105
[][][]
 []

) (syscalls_8c.tex

[98] <./syscalls_8c__incl.pdf>
<syscalls_8c__incl.pdf, id=1476, 628.3475pt x 180.675pt>
File: syscalls_8c__incl.pdf Graphic file (type pdf)
<use syscalls_8c__incl.pdf>
Package pdftex.def Info: syscalls_8c__incl.pdf  used on input line 20.
(pdftex.def)             Requested size: 350.0pt x 100.63695pt.


[99]
Underfull \hbox (badness 10000) detected at line 97
[][][]
 []


Underfull \hbox (badness 10000) detected at line 104
[][][]
 []

) (sysmem_8c.tex <./sysmem_8c__incl.pdf>
<sysmem_8c__incl.pdf, id=1491, 276.03125pt x 180.675pt>
File: sysmem_8c__incl.pdf Graphic file (type pdf)
<use sysmem_8c__incl.pdf>
Package pdftex.def Info: sysmem_8c__incl.pdf  used on input line 15.
(pdftex.def)             Requested size: 275.0pt x 180.0184pt.


[100]
Underfull \hbox (badness 10000) detected at line 37
[][][]
 []


Underfull \hbox (badness 10000) detected at line 44
[][][]
 []



[101]) (system__stm32f4xx_8c.tex <./system__stm32f4xx_8c__incl.pdf>
<system__stm32f4xx_8c__incl.pdf, id=1539, 206.7725pt x 180.675pt>
File: system__stm32f4xx_8c__incl.pdf Graphic file (type pdf)
<use system__stm32f4xx_8c__incl.pdf>
Package pdftex.def Info: system__stm32f4xx_8c__incl.pdf  used on input line 13.

(pdftex.def)             Requested size: 206.0pt x 180.00462pt.


[102]
Underfull \hbox (badness 10000) detected at line 46
[][][]
 []


Underfull \hbox (badness 10000) detected at line 56
[][][]
 []

) (stm32__ub__vga__screen_8h_source.tex

[103]

[104])

[105]

[106

] (refman.ind
LaTeX Font Info:    Font shape `T1/phv/m/n' will be
(Font)              scaled to size 22.39185pt on input line 1.

Overfull \hbox (21.78561pt too wide) in paragraph at lines 39--41
[]\T1/phv/m/n/10 C:/Git/EE-Y3-P2-SoftOnt/STM_program/Core/Inc/API_func.h,
 []


Overfull \hbox (17.63687pt too wide) in paragraph at lines 41--43
[]\T1/phv/m/n/10 C:/Git/EE-Y3-P2-SoftOnt/STM_program/Core/Inc/Bitmaps.h,
 []


Overfull \hbox (63.15817pt too wide) in paragraph at lines 43--45
[]\T1/phv/m/n/10 C:/Git/EE-Y3-P2-SoftOnt/STM_program/Core/Inc/combined_charsets
.h,
 []


Overfull \hbox (30.38068pt too wide) in paragraph at lines 49--51
[]\T1/phv/m/n/10 C:/Git/EE-Y3-P2-SoftOnt/STM_program/Core/Inc/Logic_layer.h,
 []


Overfull \hbox (65.03pt too wide) in paragraph at lines 53--55
[]\T1/phv/m/n/10 C:/Git/EE-Y3-P2-SoftOnt/STM_program/Core/Inc/stm32f4xx_hal_con
f.h,
 []


Overfull \hbox (35.78044pt too wide) in paragraph at lines 55--57
[]\T1/phv/m/n/10 C:/Git/EE-Y3-P2-SoftOnt/STM_program/Core/Inc/stm32f4xx_it.h,
 []


Underfull \hbox (badness 10000) in paragraph at lines 57--59
[]\T1/phv/m/n/10 C:/Git/EE-Y3-P2-SoftOnt/STM_program/Core/Inc/tim.h,
 []




Overfull \hbox (22.7757pt too wide) in paragraph at lines 61--63
[]\T1/phv/m/n/10 C:/Git/EE-Y3-P2-SoftOnt/STM_program/Core/Src/API_func.c,
 []


Overfull \hbox (36.77052pt too wide) in paragraph at lines 67--69
[]\T1/phv/m/n/10 C:/Git/EE-Y3-P2-SoftOnt/STM_program/Core/Src/stm32f4xx_it.c,
 []


Overfull \hbox (17.6192pt too wide) in paragraph at lines 69--71
[]\T1/phv/m/n/10 C:/Git/EE-Y3-P2-SoftOnt/STM_program/Core/Src/syscalls.c,
 []


Overfull \hbox (19.75208pt too wide) in paragraph at lines 71--73
[]\T1/phv/m/n/10 C:/Git/EE-Y3-P2-SoftOnt/STM_program/Core/Src/sysmem.c,
 []


Overfull \hbox (60.77328pt too wide) in paragraph at lines 73--75
[]\T1/phv/m/n/10 C:/Git/EE-Y3-P2-SoftOnt/STM_program/Core/Src/system_stm32f4xx.
c,
 []


Overfull \hbox (88.31262pt too wide) in paragraph at lines 75--77
[]\T1/phv/m/n/10 C:/Git/EE-Y3-P2-SoftOnt/STM_program/Core/ub_lib/stm32_ub_vga_s
creen.h,
 []



[107


]



[108

]) (refman.aux)
 ***********
LaTeX2e <2024-11-01>
L3 programming layer <2024-10-09>
 ***********


LaTeX Warning: There were multiply-defined labels.

Package rerunfilecheck Info: File `refman.out' has not changed.
(rerunfilecheck)             Checksum: A960149BC006175DBD89A76C4E2A3D98;20321.
 ) 
Here is how much of TeX's memory you used:
 21598 strings out of 473701
 398311 string characters out of 5719417
 825376 words of memory out of 5000000
 43730 multiletter control sequences out of 15000+600000
 612725 words of font info for 104 fonts, out of 8000000 for 9000
 1141 hyphenation exceptions out of 8191
 109i,16n,124p,1505b,1386s stack positions out of 10000i,1000n,20000p,200000b,200000s
<C:/Users/jerem/AppData/Local/Programs/MiKTeX/fonts/type1/public/amsfonts/cm/
cmmi10.pfb><C:/Users/jerem/AppData/Local/Programs/MiKTeX/fonts/type1/public/ams
fonts/cm/cmmi7.pfb><C:/Users/jerem/AppData/Local/Programs/MiKTeX/fonts/type1/pu
blic/amsfonts/cm/cmsy10.pfb><C:/Users/jerem/AppData/Local/Programs/MiKTeX/fonts
/type1/public/amsfonts/cm/cmsy7.pfb><C:/Users/jerem/AppData/Local/Programs/MiKT
eX/fonts/type1/public/amsfonts/cm/cmsy8.pfb><C:/Users/jerem/AppData/Local/Progr
ams/MiKTeX/fonts/type1/urw/courier/ucrr8a.pfb><C:/Users/jerem/AppData/Local/Pro
grams/MiKTeX/fonts/type1/urw/courier/ucrro8a.pfb><C:/Users/jerem/AppData/Local/
Programs/MiKTeX/fonts/type1/urw/helvetic/uhvb8a.pfb><C:/Users/jerem/AppData/Loc
al/Programs/MiKTeX/fonts/type1/urw/helvetic/uhvb8ac.pfb><C:/Users/jerem/AppData
/Local/Programs/MiKTeX/fonts/type1/urw/helvetic/uhvr8a.pfb><C:/Users/jerem/AppD
ata/Local/Programs/MiKTeX/fonts/type1/urw/helvetic/uhvro8a.pfb>
Output written on refman.pdf (114 pages, 889437 bytes).
PDF statistics:
 1844 PDF objects out of 2073 (max. 8388607)
 503 named destinations out of 1000 (max. 500000)
 842 words of extra memory for PDF output out of 10000 (max. 10000000)

